0 info it worked if it ends with ok
1 verbose cli [ '/home/mark/.nvm/versions/node/v6.1.0/bin/node',
1 verbose cli   '/home/mark/.nvm/versions/node/v6.1.0/bin/npm',
1 verbose cli   'run',
1 verbose cli   'eslint' ]
2 info using npm@3.8.6
3 info using node@v6.1.0
4 verbose run-script [ 'preeslint', 'eslint', 'posteslint' ]
5 info lifecycle brain-games-somenumber@1.5.2~preeslint: brain-games-somenumber@1.5.2
6 silly lifecycle brain-games-somenumber@1.5.2~preeslint: no script for preeslint, continuing
7 info lifecycle brain-games-somenumber@1.5.2~eslint: brain-games-somenumber@1.5.2
8 verbose lifecycle brain-games-somenumber@1.5.2~eslint: unsafe-perm in lifecycle true
9 verbose lifecycle brain-games-somenumber@1.5.2~eslint: PATH: /home/mark/.nvm/versions/node/v6.1.0/lib/node_modules/npm/bin/node-gyp-bin:/home/mark/brain-games/node_modules/.bin:/home/mark/.nvm/versions/node/v6.1.0/bin:/home/mark/.nvm/versions/node/v6.1.0/bin:/home/mark/bin:/home/mark/.local/bin:/usr/local/sbin:/usr/local/bin:/usr/sbin:/usr/bin:/sbin:/bin:/usr/games:/usr/local/games:/snap/bin
10 verbose lifecycle brain-games-somenumber@1.5.2~eslint: CWD: /home/mark/brain-games
11 silly lifecycle brain-games-somenumber@1.5.2~eslint: Args: [ '-c', 'eslint src' ]
12 silly lifecycle brain-games-somenumber@1.5.2~eslint: Returned: code: 1  signal: null
13 info lifecycle brain-games-somenumber@1.5.2~eslint: Failed to exec eslint script
14 verbose stack Error: brain-games-somenumber@1.5.2 eslint: `eslint src`
14 verbose stack Exit status 1
14 verbose stack     at EventEmitter.<anonymous> (/home/mark/.nvm/versions/node/v6.1.0/lib/node_modules/npm/lib/utils/lifecycle.js:239:16)
14 verbose stack     at emitTwo (events.js:106:13)
14 verbose stack     at EventEmitter.emit (events.js:191:7)
14 verbose stack     at ChildProcess.<anonymous> (/home/mark/.nvm/versions/node/v6.1.0/lib/node_modules/npm/lib/utils/spawn.js:24:14)
14 verbose stack     at emitTwo (events.js:106:13)
14 verbose stack     at ChildProcess.emit (events.js:191:7)
14 verbose stack     at maybeClose (internal/child_process.js:850:16)
14 verbose stack     at Process.ChildProcess._handle.onexit (internal/child_process.js:215:5)
15 verbose pkgid brain-games-somenumber@1.5.2
16 verbose cwd /home/mark/brain-games
17 error Linux 4.4.0-78-generic
18 error argv "/home/mark/.nvm/versions/node/v6.1.0/bin/node" "/home/mark/.nvm/versions/node/v6.1.0/bin/npm" "run" "eslint"
19 error node v6.1.0
20 error npm  v3.8.6
21 error code ELIFECYCLE
22 error brain-games-somenumber@1.5.2 eslint: `eslint src`
22 error Exit status 1
23 error Failed at the brain-games-somenumber@1.5.2 eslint script 'eslint src'.
23 error Make sure you have the latest version of node.js and npm installed.
23 error If you do, this is most likely a problem with the brain-games-somenumber package,
23 error not with npm itself.
23 error Tell the author that this fails on your system:
23 error     eslint src
23 error You can get information on how to open an issue for this project with:
23 error     npm bugs brain-games-somenumber
23 error Or if that isn't available, you can get their info via:
23 error     npm owner ls brain-games-somenumber
23 error There is likely additional logging output above.
24 verbose exit [ 1, true ]
